{
  "RSpec": {
    "coverage": {
      "/Users/tanjiro/Desktop/Ruby_Learning/2Mod/projects/relational_rails/aurora_district/config/environment.rb": {
        "lines": [
          null,
          1,
          null,
          null,
          1
        ]
      },
      "/Users/tanjiro/Desktop/Ruby_Learning/2Mod/projects/relational_rails/aurora_district/config/application.rb": {
        "lines": [
          1,
          null,
          1,
          null,
          1,
          1,
          1,
          1,
          1,
          1,
          1,
          1,
          1,
          null,
          null,
          null,
          null,
          1,
          null,
          1,
          1,
          null,
          1,
          null,
          null,
          null,
          null,
          null,
          null,
          null,
          1,
          null,
          null
        ]
      },
      "/Users/tanjiro/Desktop/Ruby_Learning/2Mod/projects/relational_rails/aurora_district/config/boot.rb": {
        "lines": [
          1,
          null,
          1,
          1
        ]
      },
      "/Users/tanjiro/Desktop/Ruby_Learning/2Mod/projects/relational_rails/aurora_district/config/environments/test.rb": {
        "lines": [
          1,
          null,
          null,
          null,
          null,
          null,
          null,
          1,
          null,
          null,
          null,
          null,
          1,
          null,
          null,
          1,
          1,
          null,
          null,
          null,
          null,
          1,
          1,
          null,
          null,
          1,
          null,
          null,
          1,
          null,
          null,
          1,
          null,
          1,
          null,
          null,
          null,
          null,
          1,
          null,
          null,
          1,
          null,
          null,
          null,
          null
        ]
      },
      "/Users/tanjiro/Desktop/Ruby_Learning/2Mod/projects/relational_rails/aurora_district/config/initializers/application_controller_renderer.rb": {
        "lines": [
          null,
          null,
          null,
          null,
          null,
          null,
          null,
          null
        ]
      },
      "/Users/tanjiro/Desktop/Ruby_Learning/2Mod/projects/relational_rails/aurora_district/config/initializers/assets.rb": {
        "lines": [
          null,
          null,
          null,
          1,
          null,
          null,
          null,
          null,
          1,
          null,
          null,
          null,
          null,
          null
        ]
      },
      "/Users/tanjiro/Desktop/Ruby_Learning/2Mod/projects/relational_rails/aurora_district/config/initializers/backtrace_silencers.rb": {
        "lines": [
          null,
          null,
          null,
          null,
          null,
          null,
          null
        ]
      },
      "/Users/tanjiro/Desktop/Ruby_Learning/2Mod/projects/relational_rails/aurora_district/config/initializers/content_security_policy.rb": {
        "lines": [
          null,
          null,
          null,
          null,
          null,
          null,
          null,
          null,
          null,
          null,
          null,
          null,
          null,
          null,
          null,
          null,
          null,
          null,
          null,
          null,
          null,
          null,
          null,
          null,
          null
        ]
      },
      "/Users/tanjiro/Desktop/Ruby_Learning/2Mod/projects/relational_rails/aurora_district/config/initializers/cookies_serializer.rb": {
        "lines": [
          null,
          null,
          null,
          null,
          1
        ]
      },
      "/Users/tanjiro/Desktop/Ruby_Learning/2Mod/projects/relational_rails/aurora_district/config/initializers/filter_parameter_logging.rb": {
        "lines": [
          null,
          null,
          null,
          1
        ]
      },
      "/Users/tanjiro/Desktop/Ruby_Learning/2Mod/projects/relational_rails/aurora_district/config/initializers/inflections.rb": {
        "lines": [
          null,
          null,
          null,
          null,
          null,
          null,
          null,
          null,
          null,
          null,
          null,
          null,
          null,
          null,
          null,
          null
        ]
      },
      "/Users/tanjiro/Desktop/Ruby_Learning/2Mod/projects/relational_rails/aurora_district/config/initializers/mime_types.rb": {
        "lines": [
          null,
          null,
          null,
          null
        ]
      },
      "/Users/tanjiro/Desktop/Ruby_Learning/2Mod/projects/relational_rails/aurora_district/config/initializers/wrap_parameters.rb": {
        "lines": [
          null,
          null,
          null,
          null,
          null,
          null,
          1,
          2,
          null,
          null,
          null,
          null,
          null,
          null
        ]
      },
      "/Users/tanjiro/Desktop/Ruby_Learning/2Mod/projects/relational_rails/aurora_district/config/routes.rb": {
        "lines": [
          1,
          null,
          null,
          1,
          1,
          1,
          1,
          1,
          1,
          1,
          null,
          1,
          1,
          1,
          1,
          1,
          1,
          1,
          null,
          1,
          1,
          1,
          1,
          1,
          null
        ]
      },
      "/Users/tanjiro/Desktop/Ruby_Learning/2Mod/projects/relational_rails/aurora_district/app/helpers/application_helper.rb": {
        "lines": [
          1,
          null
        ]
      },
      "/Users/tanjiro/Desktop/Ruby_Learning/2Mod/projects/relational_rails/aurora_district/app/controllers/daycares_controller.rb": {
        "lines": [
          1,
          1,
          10,
          null,
          null,
          1,
          8,
          null,
          null,
          1,
          null,
          null,
          1,
          1,
          1,
          null,
          null,
          1,
          2,
          null,
          null,
          1,
          1,
          1,
          1,
          null,
          null,
          1,
          2,
          2,
          2,
          null,
          null,
          1,
          2,
          null,
          null,
          null,
          null,
          null,
          null
        ]
      },
      "/Users/tanjiro/Desktop/Ruby_Learning/2Mod/projects/relational_rails/aurora_district/app/controllers/application_controller.rb": {
        "lines": [
          1,
          null
        ]
      },
      "/Users/tanjiro/Desktop/Ruby_Learning/2Mod/projects/relational_rails/aurora_district/spec/features/daycares/index_spec.rb": {
        "lines": [
          1,
          null,
          1,
          1,
          1,
          1,
          null,
          1,
          1,
          null,
          null,
          1,
          1,
          null,
          1,
          null,
          1,
          null,
          1,
          null,
          1,
          null,
          1,
          1,
          null,
          null,
          null,
          1,
          1,
          null,
          1,
          1,
          null,
          1,
          null,
          null,
          1,
          1,
          null,
          1,
          1,
          null,
          1,
          1,
          null,
          null,
          1,
          1,
          null,
          1,
          null,
          1,
          null,
          1,
          null,
          1,
          1,
          null,
          null,
          null,
          null
        ]
      },
      "/Users/tanjiro/Desktop/Ruby_Learning/2Mod/projects/relational_rails/aurora_district/app/models/daycare.rb": {
        "lines": [
          1,
          1,
          null
        ]
      },
      "/Users/tanjiro/Desktop/Ruby_Learning/2Mod/projects/relational_rails/aurora_district/app/models/application_record.rb": {
        "lines": [
          1,
          1,
          null
        ]
      },
      "/Users/tanjiro/Desktop/Ruby_Learning/2Mod/projects/relational_rails/aurora_district/spec/features/daycares/new_spec.rb": {
        "lines": [
          1,
          null,
          1,
          1,
          1,
          1,
          null,
          1,
          1,
          null,
          1,
          null,
          null,
          1,
          1,
          null,
          1,
          null,
          1,
          1,
          1,
          1,
          null,
          1,
          null,
          1,
          null,
          1,
          1,
          null,
          null,
          null
        ]
      },
      "/Users/tanjiro/Desktop/Ruby_Learning/2Mod/projects/relational_rails/aurora_district/spec/features/daycares/show_spec.rb": {
        "lines": [
          1,
          null,
          1,
          1,
          1,
          1,
          null,
          1,
          null,
          1,
          null,
          null,
          1,
          1,
          null,
          1,
          null,
          1,
          null,
          null,
          1,
          1,
          null,
          1,
          null,
          1,
          null,
          null,
          1,
          1,
          null,
          1,
          null,
          1,
          null,
          null,
          1,
          1,
          1,
          null,
          1,
          null,
          1,
          null,
          null,
          1,
          1,
          1,
          null,
          1,
          null,
          1,
          null,
          1,
          null,
          1,
          1,
          1,
          1,
          null,
          1,
          null,
          1,
          1,
          null,
          null,
          null,
          null
        ]
      },
      "/Users/tanjiro/Desktop/Ruby_Learning/2Mod/projects/relational_rails/aurora_district/spec/features/daycares/teachers/index_spec.rb": {
        "lines": [
          1,
          null,
          1,
          1,
          1,
          1,
          null,
          1,
          1,
          null,
          1,
          null,
          1,
          1,
          null,
          1,
          null,
          1,
          1,
          null,
          null,
          1,
          1,
          null,
          1,
          1,
          null,
          1,
          null,
          1,
          null,
          1,
          null,
          1,
          1,
          1,
          1,
          1,
          null,
          1,
          null,
          1,
          1,
          null,
          null,
          1,
          1,
          null,
          1,
          1,
          null,
          1,
          null,
          1,
          null,
          1,
          1,
          null,
          null,
          1,
          1,
          1,
          null,
          1,
          1,
          null,
          1,
          1,
          null,
          1,
          1,
          null,
          null,
          1,
          1,
          1,
          1,
          null,
          1,
          null,
          1,
          null,
          1,
          1,
          null,
          null,
          1,
          1,
          1,
          null,
          1,
          null,
          1,
          null,
          1,
          null,
          1,
          1,
          null,
          null,
          1,
          1,
          1,
          1,
          null,
          1,
          null,
          1,
          1,
          null,
          1,
          1,
          1,
          null,
          null,
          null
        ]
      },
      "/Users/tanjiro/Desktop/Ruby_Learning/2Mod/projects/relational_rails/aurora_district/app/controllers/daycare_teachers_controller.rb": {
        "lines": [
          1,
          1,
          8,
          8,
          8,
          1,
          1,
          null,
          7,
          null,
          null,
          null,
          1,
          1,
          null,
          null,
          1,
          1,
          1,
          1,
          null,
          null,
          1,
          null,
          null,
          1,
          1,
          1,
          null,
          null,
          1,
          1,
          1,
          1,
          1,
          1,
          null,
          null,
          1,
          1,
          null,
          null,
          null,
          null,
          null,
          null,
          null
        ]
      },
      "/Users/tanjiro/Desktop/Ruby_Learning/2Mod/projects/relational_rails/aurora_district/spec/features/teachers/index_spec.rb": {
        "lines": [
          1,
          null,
          1,
          1,
          1,
          1,
          1,
          null,
          1,
          null,
          1,
          null,
          null,
          1,
          1,
          1,
          null,
          1,
          1,
          null,
          1,
          null,
          1,
          1,
          null,
          null,
          1,
          1,
          1,
          null,
          1,
          1,
          null,
          1,
          1,
          null,
          1,
          1,
          null,
          null,
          null,
          null
        ]
      },
      "/Users/tanjiro/Desktop/Ruby_Learning/2Mod/projects/relational_rails/aurora_district/app/models/teacher.rb": {
        "lines": [
          1,
          1,
          null
        ]
      },
      "/Users/tanjiro/Desktop/Ruby_Learning/2Mod/projects/relational_rails/aurora_district/spec/features/teachers/show_spec.rb": {
        "lines": [
          1,
          null,
          1,
          1,
          1,
          1,
          1,
          null,
          1,
          null,
          1,
          null,
          1,
          1,
          1,
          null,
          1,
          null,
          1,
          null,
          1,
          1,
          1,
          null,
          1,
          null,
          1,
          null,
          null,
          1,
          1,
          1,
          null,
          1,
          null,
          1,
          null,
          null,
          1,
          1,
          1,
          null,
          1,
          null,
          1,
          null,
          null,
          1,
          1,
          1,
          null,
          1,
          null,
          1,
          null,
          1,
          null,
          1,
          1,
          1,
          1,
          1,
          null,
          1,
          null,
          1,
          1,
          1,
          null,
          null,
          null,
          null
        ]
      },
      "/Users/tanjiro/Desktop/Ruby_Learning/2Mod/projects/relational_rails/aurora_district/spec/models/daycare_spec.rb": {
        "lines": [
          1,
          null,
          1,
          1,
          2,
          null,
          null
        ]
      },
      "/Users/tanjiro/Desktop/Ruby_Learning/2Mod/projects/relational_rails/aurora_district/spec/models/teacher_spec.rb": {
        "lines": [
          1,
          null,
          1,
          1,
          2,
          null,
          null
        ]
      },
      "/Users/tanjiro/Desktop/Ruby_Learning/2Mod/projects/relational_rails/aurora_district/app/controllers/teachers_controller.rb": {
        "lines": [
          1,
          1,
          6,
          null,
          null,
          1,
          7,
          null,
          null,
          1,
          3,
          null,
          null,
          1,
          1,
          1,
          1,
          null,
          null,
          1,
          1,
          1,
          1,
          null,
          null,
          1,
          1,
          null,
          null,
          null,
          null,
          null,
          null,
          null
        ]
      }
    },
    "timestamp": 1657752963
  }
}
